<?xml version="1.0" encoding="UTF-8"?>
<!-- Generated by org.testng.reporters.JUnitXMLReporter -->
<testsuite ignored="1" hostname="Smita-Lenovo" failures="0" tests="2" name="Test2" time="7.672" errors="0" timestamp="2023-03-10T21:49:53 GMT">
  <testcase classname="testPackage.LoginPageTestCases" name="verifyLoginPageWithValidData" time="1.499"/>
  <testcase classname="testPackage.LoginPageTestCases" name="verifyURL" time="0.0"/>
  <testcase classname="testPackage.BaseClass" name="@BeforeTest beforeTest" time="0.0">
    <ignored/>
  </testcase> <!-- @BeforeTest beforeTest -->
</testsuite> <!-- Test2 -->
